<?xml version="1.0" encoding="UTF-8"?>
<testsuite xmlns:xsi="http://www.w3.org/2001/XMLSchema-instance" xsi:noNamespaceSchemaLocation="https://maven.apache.org/surefire/maven-surefire-plugin/xsd/surefire-test-report-3.0.xsd" version="3.0" name="com.udacity.catpoint.security.AlarmStatusTest" time="0.004" tests="3" errors="0" skipped="0" failures="0">
  <properties>
[...]
</properties>
  <testcase name="alarmStatusCheck(AlarmStatus)[1]" classname="com.udacity.catpoint.security.AlarmStatusTest" time="0.001"/>
  <testcase name="alarmStatusCheck(AlarmStatus)[2]" classname="com.udacity.catpoint.security.AlarmStatusTest" time="0.001"/>
  <testcase name="alarmStatusCheck(AlarmStatus)[3]" classname="com.udacity.catpoint.security.AlarmStatusTest" time="0"/>
</testsuite>